<?xml version="1.0" encoding="UTF-8"?>
<testng-results skipped="0" failed="0" total="1" passed="1">
  <reporter-output>
  </reporter-output>
  <suite name="Default suite" duration-ms="39407" started-at="2015-08-09T09:59:53Z" finished-at="2015-08-09T10:00:32Z">
    <groups>
    </groups>
    <test name="Default test" duration-ms="39407" started-at="2015-08-09T09:59:53Z" finished-at="2015-08-09T10:00:32Z">
      <class name="testclasses.TestCase1">
        <test-method status="PASS" signature="Provision()[pri:0, instance:testclasses.TestCase1@3b6eb2ec]" name="Provision" duration-ms="39298" started-at="2015-08-09T15:29:53Z" finished-at="2015-08-09T15:30:32Z">
          <reporter-output>
          </reporter-output>
        </test-method> <!-- Provision -->
      </class> <!-- testclasses.TestCase1 -->
    </test> <!-- Default test -->
  </suite> <!-- Default suite -->
</testng-results>
